<?xml version="1.0" encoding="UTF-8"?>
<!-- Generated by org.testng.reporters.JUnitReportReporter -->
<testsuite skipped="0" hostname="DESKTOP-6UVCCOR" name="freshWorks.Main_Carousel_Screen" tests="8" failures="0" timestamp="14 Feb 2019 23:44:01 GMT" time="2.960" errors="0">
  <testcase name="TC001" time="0.923" classname="freshWorks.Main_Carousel_Screen"/>
  <testcase name="TC002" time="0.381" classname="freshWorks.Main_Carousel_Screen"/>
  <testcase name="TC003" time="0.122" classname="freshWorks.Main_Carousel_Screen"/>
  <testcase name="TC004" time="0.339" classname="freshWorks.Main_Carousel_Screen"/>
  <testcase name="TC005" time="0.123" classname="freshWorks.Main_Carousel_Screen"/>
  <testcase name="TC006" time="0.254" classname="freshWorks.Main_Carousel_Screen"/>
  <testcase name="TC007" time="0.617" classname="freshWorks.Main_Carousel_Screen"/>
  <testcase name="TC008" time="0.201" classname="freshWorks.Main_Carousel_Screen"/>
</testsuite> <!-- freshWorks.Main_Carousel_Screen -->
